2025-12-28 21:39:11,499 - __main__ - INFO - Initializing comparative ML experiment framework
2025-12-28 21:39:11,499 - __main__ - INFO - Configuration loaded: ExperimentConfig(archive_path=WindowsPath('C:/Users/User/Projects/FYP2/archive.zip'), output_dir=WindowsPath('results/analysis'), num_runs=10, epochs=10, num_rounds=5, local_epochs=2, learning_rate=0.001, batch_size=256, validation_split=0.2, base_seed=42, csv_filename='stage2_train_metadata.csv', num_clients=2, run_centralized=False, run_federated=True)
2025-12-28 21:39:11,499 - experiment_orchestrator - INFO - ================================================================================
2025-12-28 21:39:11,501 - experiment_orchestrator - INFO - COMPARATIVE ML EXPERIMENT - Centralized vs Federated
2025-12-28 21:39:11,501 - experiment_orchestrator - INFO - ================================================================================
2025-12-28 21:39:11,501 - experiment_orchestrator - INFO - Configuration: 10 runs per paradigm
2025-12-28 21:39:11,501 - experiment_orchestrator - INFO - Archive: C:\Users\User\Projects\FYP2\archive.zip
2025-12-28 21:39:11,502 - experiment_orchestrator - INFO - Extracting C:\Users\User\Projects\FYP2\archive.zip to C:\Users\User\AppData\Local\Temp\experiment_data_1qh2vetz
2025-12-28 21:40:15,762 - experiment_orchestrator - INFO - Extraction complete: C:\Users\User\AppData\Local\Temp\experiment_data_1qh2vetz
2025-12-28 21:40:15,999 - experiment_orchestrator - INFO - Data paths resolved: CSV=C:\Users\User\AppData\Local\Temp\experiment_data_1qh2vetz\stage2_train_metadata.csv, Images=C:\Users\User\AppData\Local\Temp\experiment_data_1qh2vetz\Training\Images
2025-12-28 21:40:15,999 - experiment_orchestrator - INFO - Skipping centralized experiments (run_centralized=False)
2025-12-28 21:40:15,999 - experiment_orchestrator - INFO - ----------------------------------------
2025-12-28 21:40:15,999 - experiment_orchestrator - INFO - PHASE 2: Federated Learning Experiments
2025-12-28 21:40:15,999 - experiment_orchestrator - INFO - ----------------------------------------
2025-12-28 21:40:15,999 - experiment_orchestrator - INFO - [Federated Run 0] Starting with seed=42
2025-12-28 21:40:19,662 - federated_pneumonia_detection.config.config_manager - INFO - Saving configuration to C:\Users\User\Projects\FYP2\federated_pneumonia_detection\config\default_config.yaml
2025-12-28 21:40:19,668 - federated_pneumonia_detection.config.utils.loader - INFO - Saved configuration to C:\Users\User\Projects\FYP2\federated_pneumonia_detection\config\default_config.yaml
2025-12-28 21:40:38,392 - datasets - INFO - PyTorch version 2.9.1+cu128 available.
2025-12-28 21:40:39,462 - experiment_orchestrator - INFO - Configuration synced to pyproject.toml
2025-12-28 21:40:39,462 - experiment_orchestrator - INFO - Executing: powershell -ExecutionPolicy Bypass -File C:\Users\User\Projects\FYP2\federated_pneumonia_detection\src\rf.ps1
2025-12-29 03:24:38,766 - experiment_orchestrator - ERROR - Error loading results: 'str' object has no attribute 'get'
2025-12-29 03:24:38,808 - experiment_orchestrator - INFO - Collected result: federated run 0 - Recall=0.0000, F1=0.0000
2025-12-29 03:24:38,809 - experiment_orchestrator - INFO - [Federated Run 1] Starting with seed=43
2025-12-29 03:24:38,853 - federated_pneumonia_detection.config.config_manager - INFO - Saving configuration to C:\Users\User\Projects\FYP2\federated_pneumonia_detection\config\default_config.yaml
2025-12-29 03:24:38,875 - federated_pneumonia_detection.config.utils.loader - INFO - Saved configuration to C:\Users\User\Projects\FYP2\federated_pneumonia_detection\config\default_config.yaml
2025-12-29 03:24:38,914 - experiment_orchestrator - INFO - Configuration synced to pyproject.toml
2025-12-29 03:24:38,916 - experiment_orchestrator - INFO - Executing: powershell -ExecutionPolicy Bypass -File C:\Users\User\Projects\FYP2\federated_pneumonia_detection\src\rf.ps1
2025-12-29 09:07:43,882 - experiment_orchestrator - ERROR - Error loading results: 'str' object has no attribute 'get'
2025-12-29 09:07:43,898 - experiment_orchestrator - INFO - Collected result: federated run 1 - Recall=0.0000, F1=0.0000
2025-12-29 09:07:43,898 - experiment_orchestrator - INFO - [Federated Run 2] Starting with seed=44
2025-12-29 09:07:43,906 - federated_pneumonia_detection.config.config_manager - INFO - Saving configuration to C:\Users\User\Projects\FYP2\federated_pneumonia_detection\config\default_config.yaml
2025-12-29 09:07:43,912 - federated_pneumonia_detection.config.utils.loader - INFO - Saved configuration to C:\Users\User\Projects\FYP2\federated_pneumonia_detection\config\default_config.yaml
2025-12-29 09:07:43,938 - experiment_orchestrator - INFO - Configuration synced to pyproject.toml
2025-12-29 09:07:43,939 - experiment_orchestrator - INFO - Executing: powershell -ExecutionPolicy Bypass -File C:\Users\User\Projects\FYP2\federated_pneumonia_detection\src\rf.ps1
2025-12-29 14:59:29,945 - experiment_orchestrator - ERROR - Error loading results: 'str' object has no attribute 'get'
2025-12-29 14:59:29,967 - experiment_orchestrator - INFO - Collected result: federated run 2 - Recall=0.0000, F1=0.0000
2025-12-29 14:59:29,967 - experiment_orchestrator - INFO - [Federated Run 3] Starting with seed=45
2025-12-29 14:59:29,974 - federated_pneumonia_detection.config.config_manager - INFO - Saving configuration to C:\Users\User\Projects\FYP2\federated_pneumonia_detection\config\default_config.yaml
2025-12-29 14:59:29,980 - federated_pneumonia_detection.config.utils.loader - INFO - Saved configuration to C:\Users\User\Projects\FYP2\federated_pneumonia_detection\config\default_config.yaml
2025-12-29 14:59:30,008 - experiment_orchestrator - INFO - Configuration synced to pyproject.toml
2025-12-29 14:59:30,009 - experiment_orchestrator - INFO - Executing: powershell -ExecutionPolicy Bypass -File C:\Users\User\Projects\FYP2\federated_pneumonia_detection\src\rf.ps1
2025-12-29 20:44:14,489 - experiment_orchestrator - ERROR - Error loading results: 'str' object has no attribute 'get'
2025-12-29 20:44:14,515 - experiment_orchestrator - INFO - Collected result: federated run 3 - Recall=0.0000, F1=0.0000
2025-12-29 20:44:14,517 - experiment_orchestrator - INFO - [Federated Run 4] Starting with seed=46
2025-12-29 20:44:14,535 - federated_pneumonia_detection.config.config_manager - INFO - Saving configuration to C:\Users\User\Projects\FYP2\federated_pneumonia_detection\config\default_config.yaml
2025-12-29 20:44:14,545 - federated_pneumonia_detection.config.utils.loader - INFO - Saved configuration to C:\Users\User\Projects\FYP2\federated_pneumonia_detection\config\default_config.yaml
2025-12-29 20:44:14,571 - experiment_orchestrator - INFO - Configuration synced to pyproject.toml
2025-12-29 20:44:14,573 - experiment_orchestrator - INFO - Executing: powershell -ExecutionPolicy Bypass -File C:\Users\User\Projects\FYP2\federated_pneumonia_detection\src\rf.ps1
2025-12-30 02:28:26,281 - experiment_orchestrator - ERROR - Error loading results: 'str' object has no attribute 'get'
2025-12-30 02:28:26,308 - experiment_orchestrator - INFO - Collected result: federated run 4 - Recall=0.0000, F1=0.0000
2025-12-30 02:28:26,309 - experiment_orchestrator - INFO - [Federated Run 5] Starting with seed=47
2025-12-30 02:28:26,318 - federated_pneumonia_detection.config.config_manager - INFO - Saving configuration to C:\Users\User\Projects\FYP2\federated_pneumonia_detection\config\default_config.yaml
2025-12-30 02:28:26,325 - federated_pneumonia_detection.config.utils.loader - INFO - Saved configuration to C:\Users\User\Projects\FYP2\federated_pneumonia_detection\config\default_config.yaml
2025-12-30 02:28:26,351 - experiment_orchestrator - INFO - Configuration synced to pyproject.toml
2025-12-30 02:28:26,352 - experiment_orchestrator - INFO - Executing: powershell -ExecutionPolicy Bypass -File C:\Users\User\Projects\FYP2\federated_pneumonia_detection\src\rf.ps1
2025-12-30 08:12:03,137 - experiment_orchestrator - ERROR - Error loading results: 'str' object has no attribute 'get'
2025-12-30 08:12:03,148 - experiment_orchestrator - INFO - Collected result: federated run 5 - Recall=0.0000, F1=0.0000
2025-12-30 08:12:03,148 - experiment_orchestrator - INFO - [Federated Run 6] Starting with seed=48
2025-12-30 08:12:03,155 - federated_pneumonia_detection.config.config_manager - INFO - Saving configuration to C:\Users\User\Projects\FYP2\federated_pneumonia_detection\config\default_config.yaml
2025-12-30 08:12:03,159 - federated_pneumonia_detection.config.utils.loader - INFO - Saved configuration to C:\Users\User\Projects\FYP2\federated_pneumonia_detection\config\default_config.yaml
2025-12-30 08:12:03,182 - experiment_orchestrator - INFO - Configuration synced to pyproject.toml
2025-12-30 08:12:03,183 - experiment_orchestrator - INFO - Executing: powershell -ExecutionPolicy Bypass -File C:\Users\User\Projects\FYP2\federated_pneumonia_detection\src\rf.ps1
2025-12-30 13:58:08,849 - experiment_orchestrator - ERROR - Error loading results: 'str' object has no attribute 'get'
2025-12-30 13:58:08,875 - experiment_orchestrator - INFO - Collected result: federated run 6 - Recall=0.0000, F1=0.0000
2025-12-30 13:58:08,875 - experiment_orchestrator - INFO - [Federated Run 7] Starting with seed=49
2025-12-30 13:58:08,884 - federated_pneumonia_detection.config.config_manager - INFO - Saving configuration to C:\Users\User\Projects\FYP2\federated_pneumonia_detection\config\default_config.yaml
2025-12-30 13:58:08,892 - federated_pneumonia_detection.config.utils.loader - INFO - Saved configuration to C:\Users\User\Projects\FYP2\federated_pneumonia_detection\config\default_config.yaml
2025-12-30 13:58:08,923 - experiment_orchestrator - INFO - Configuration synced to pyproject.toml
2025-12-30 13:58:08,924 - experiment_orchestrator - INFO - Executing: powershell -ExecutionPolicy Bypass -File C:\Users\User\Projects\FYP2\federated_pneumonia_detection\src\rf.ps1
2025-12-30 14:33:48,656 - experiment_orchestrator - ERROR - Federated training failed with code 3221225786
2025-12-30 14:33:48,739 - experiment_orchestrator - WARNING - Results file not found: C:\Users\User\Projects\FYP2\results_analysis_7.json
2025-12-30 14:33:48,762 - experiment_orchestrator - INFO - Collected result: federated run 7 - Recall=0.0000, F1=0.0000
2025-12-30 14:33:48,762 - experiment_orchestrator - INFO - [Federated Run 8] Starting with seed=50
2025-12-30 14:33:48,808 - federated_pneumonia_detection.config.config_manager - INFO - Saving configuration to C:\Users\User\Projects\FYP2\federated_pneumonia_detection\config\default_config.yaml
2025-12-30 14:33:48,816 - federated_pneumonia_detection.config.utils.loader - INFO - Saved configuration to C:\Users\User\Projects\FYP2\federated_pneumonia_detection\config\default_config.yaml
2025-12-30 14:33:48,850 - experiment_orchestrator - INFO - Configuration synced to pyproject.toml
2025-12-30 14:33:48,853 - experiment_orchestrator - INFO - Executing: powershell -ExecutionPolicy Bypass -File C:\Users\User\Projects\FYP2\federated_pneumonia_detection\src\rf.ps1
